#
# There is insufficient memory for the Java Runtime Environment to continue.
# Native memory allocation (malloc) failed to allocate 1048576 bytes for AllocateHeap
# Possible reasons:
#   The system is out of physical RAM or swap space
#   In 32 bit mode, the process size limit was hit
# Possible solutions:
#   Reduce memory load on the system
#   Increase physical memory or swap space
#   Check if swap backing store is full
#   Use 64 bit Java on a 64 bit OS
#   Decrease Java heap size (-Xmx/-Xms)
#   Decrease number of Java threads
#   Decrease Java thread stack sizes (-Xss)
#   Set larger code cache with -XX:ReservedCodeCacheSize=
# This output file may be truncated or incomplete.
#
#  Out of Memory Error (memory/allocation.inline.hpp:61), pid=30468, tid=0x00000000000032e4
#
# JRE version:  (8.0) (build )
# Java VM: OpenJDK 64-Bit Server VM (25.71-b00 mixed mode windows-amd64 compressed oops)
# Failed to write core dump. Minidumps are not enabled by default on client versions of Windows
#

---------------  T H R E A D  ---------------

Current thread (0x0000000002e2e800):  JavaThread "Unknown thread" [_thread_in_vm, id=13028, stack(0x0000000002e50000,0x0000000002f50000)]

Stack: [0x0000000002e50000,0x0000000002f50000]
[error occurred during error reporting (printing stack bounds), id 0xc0000005]

Native frames: (J=compiled Java code, j=interpreted, Vv=VM code, C=native code)


---------------  P R O C E S S  ---------------

Java Threads: ( => current thread )

Other Threads:

=>0x0000000002e2e800 (exited) JavaThread "Unknown thread" [_thread_in_vm, id=13028, stack(0x0000000002e50000,0x0000000002f50000)]

VM state:not at safepoint (normal execution)

VM Mutex/Monitor currently owned by a thread: None

Heap:
 PSYoungGen      total 38400K, used 665K [0x00000000d5d00000, 0x00000000d8780000, 0x0000000100000000)
  eden space 33280K, 2% used [0x00000000d5d00000,0x00000000d5da6670,0x00000000d7d80000)
  from space 5120K, 0% used [0x00000000d8280000,0x00000000d8280000,0x00000000d8780000)
  to   space 5120K, 0% used [0x00000000d7d80000,0x00000000d7d80000,0x00000000d8280000)
 ParOldGen       total 87552K, used 0K [0x0000000081600000, 0x0000000086b80000, 0x00000000d5d00000)
  object space 87552K, 0% used [0x0000000081600000,0x0000000081600000,0x0000000086b80000)
 Metaspace       used 777K, capacity 4480K, committed 4480K, reserved 1056768K
  class space    used 74K, capacity 384K, committed 384K, reserved 1048576K

Card table byte_map: [0x0000000012410000,0x0000000012810000] byte_map_base: 0x0000000012005000

Marking Bits: (ParMarkBitMap*) 0x000000005d77be50
 Begin Bits: [0x00000000132c0000, 0x0000000015268000)
 End Bits:   [0x0000000015268000, 0x0000000017210000)

Polling page: 0x00000000015c0000

CodeCache: size=245760Kb used=328Kb max_used=328Kb free=245431Kb
 bounds [0x0000000003050000, 0x00000000032c0000, 0x0000000012050000]
 total_blobs=57 nmethods=0 adapters=38
 compilation: enabled

Compilation events (0 events):
No events

GC Heap History (0 events):
No events

Deoptimization events (0 events):
No events

Classes redefined (0 events):
No events

Internal exceptions (0 events):
No events

Events (10 events):
Event: 0.057 loading class java/lang/Short
Event: 0.057 loading class java/lang/Short done
Event: 0.057 loading class java/lang/Integer
Event: 0.057 loading class java/lang/Integer done
Event: 0.057 loading class java/lang/Long
Event: 0.057 loading class java/lang/Long done
Event: 0.059 loading class java/lang/NullPointerException
Event: 0.059 loading class java/lang/NullPointerException done
Event: 0.059 loading class java/lang/ArithmeticException
Event: 0.059 loading class java/lang/ArithmeticException done


Dynamic libraries:
0x00007ff6ef960000 - 0x00007ff6ef995000 	G:\Program Files\Unity\Hub\Editor\2019.4.20f1\Editor\Data\PlaybackEngines\AndroidPlayer\OpenJDK\bin\java.exe
0x00007ff802bf0000 - 0x00007ff802de5000 	C:\WINDOWS\SYSTEM32\ntdll.dll
0x00007ff802af0000 - 0x00007ff802bad000 	C:\WINDOWS\System32\KERNEL32.DLL
0x00007ff800920000 - 0x00007ff800be9000 	C:\WINDOWS\System32\KERNELBASE.dll
0x00007ff801a30000 - 0x00007ff801adc000 	C:\WINDOWS\System32\ADVAPI32.dll
0x00007ff801440000 - 0x00007ff8014de000 	C:\WINDOWS\System32\msvcrt.dll
0x00007ff8013a0000 - 0x00007ff80143c000 	C:\WINDOWS\System32\sechost.dll
0x00007ff800d90000 - 0x00007ff800ebb000 	C:\WINDOWS\System32\RPCRT4.dll
0x00007ff800ed0000 - 0x00007ff801070000 	C:\WINDOWS\System32\USER32.dll
0x00007ff8008f0000 - 0x00007ff800912000 	C:\WINDOWS\System32\win32u.dll
0x00007ff801ae0000 - 0x00007ff801b0a000 	C:\WINDOWS\System32\GDI32.dll
0x00007ff8006f0000 - 0x00007ff8007fb000 	C:\WINDOWS\System32\gdi32full.dll
0x00007ff800850000 - 0x00007ff8008ed000 	C:\WINDOWS\System32\msvcp_win.dll
0x00007ff8005f0000 - 0x00007ff8006f0000 	C:\WINDOWS\System32\ucrtbase.dll
0x00007fffe5920000 - 0x00007fffe5bba000 	C:\WINDOWS\WinSxS\amd64_microsoft.windows.common-controls_6595b64144ccf1df_6.0.19041.844_none_ca00b6081b84eb1d\COMCTL32.dll
0x00007ff802760000 - 0x00007ff802790000 	C:\WINDOWS\System32\IMM32.DLL
0x000000005d800000 - 0x000000005d8d2000 	G:\Program Files\Unity\Hub\Editor\2019.4.20f1\Editor\Data\PlaybackEngines\AndroidPlayer\OpenJDK\jre\bin\msvcr100.dll
0x000000005cfb0000 - 0x000000005d7f9000 	G:\Program Files\Unity\Hub\Editor\2019.4.20f1\Editor\Data\PlaybackEngines\AndroidPlayer\OpenJDK\jre\bin\server\jvm.dll
0x00007ff801c20000 - 0x00007ff801c28000 	C:\WINDOWS\System32\PSAPI.DLL
0x00007ffffa260000 - 0x00007ffffa269000 	C:\WINDOWS\SYSTEM32\WSOCK32.dll
0x00007ffff0d20000 - 0x00007ffff0d2a000 	C:\WINDOWS\SYSTEM32\VERSION.dll
0x00007fffe5800000 - 0x00007fffe5827000 	C:\WINDOWS\SYSTEM32\WINMM.dll
0x00007ff801b10000 - 0x00007ff801b7b000 	C:\WINDOWS\System32\WS2_32.dll
0x00007fffef1a0000 - 0x00007fffef1af000 	G:\Program Files\Unity\Hub\Editor\2019.4.20f1\Editor\Data\PlaybackEngines\AndroidPlayer\OpenJDK\jre\bin\verify.dll
0x00007fffc97e0000 - 0x00007fffc9809000 	G:\Program Files\Unity\Hub\Editor\2019.4.20f1\Editor\Data\PlaybackEngines\AndroidPlayer\OpenJDK\jre\bin\java.dll
0x00007fffdafa0000 - 0x00007fffdafb6000 	G:\Program Files\Unity\Hub\Editor\2019.4.20f1\Editor\Data\PlaybackEngines\AndroidPlayer\OpenJDK\jre\bin\zip.dll

VM Arguments:
jvm_args: -Dfile.encoding=UTF-8 
java_command: org.gradle.launcher.GradleMain -Dorg.gradle.jvmargs=-Xmx4096m --stop
java_class_path (initial): G:\Program Files\Unity\Hub\Editor\2019.4.20f1\Editor\Data\PlaybackEngines\AndroidPlayer\Tools\gradle\lib\gradle-launcher-5.1.1.jar
Launcher Type: SUN_STANDARD

Environment Variables:
JAVA_HOME=G:/Program Files/Unity/Hub/Editor/2019.4.20f1/Editor/Data/PlaybackEngines/AndroidPlayer\OpenJDK
JAVA_TOOL_OPTIONS=-Dfile.encoding=UTF-8
PATH=C:\Program Files (x86)\Common Files\Intel\Shared Libraries\redist\intel64_win\compiler;C:\Program Files (x86)\Common Files\Oracle\Java\javapath;C:\Program Files (x86)\Intel\Intel(R) Management Engine Components\iCLS\;C:\Program Files\Intel\Intel(R) Management Engine Components\iCLS\;C:\WINDOWS\system32;C:\WINDOWS;C:\WINDOWS\System32\Wbem;C:\WINDOWS\System32\WindowsPowerShell\v1.0\;C:\WINDOWS\System32\OpenSSH\;C:\Program Files (x86)\Intel\Intel(R) Management Engine Components\DAL;C:\Program Files\Intel\Intel(R) Management Engine Components\DAL;C:\Program Files (x86)\QuickTime Alternative\QTSystem;C:\Program Files\Java\jdk-11.0.3\bin;C:\Program Files\dotnet\;C:\Program Files (x86)\dotnet\;C:\TDM-GCC-64\bin;C:\Program Files\nodejs\;C:\Program Files\Git\cmd;C:\MinGW\bin;C:\Users\Vishal Karthikeyan\AppData\Local\Programs\Python\Python39\Scripts\;C:\Users\Vishal Karthikeyan\AppData\Local\Programs\Python\Python39\;C:\Program Files (x86)\Common Files\Oracle\Java\javapath;C:\Program Files (x86)\Intel\Intel(R) Management Engine Components\iCLS\;C:\Program Files\Intel\Intel(R) Management Engine Components\iCLS\;C:\Windows\system32;C:\Windows;C:\Windows\System32\Wbem;C:\Windows\System32\WindowsPowerShell\v1.0\;C:\Windows\System32\OpenSSH\;C:\Program Files (x86)\Intel\Intel(R) Management Engine Components\DAL;C:\Program Files\Intel\Intel(R) Management Engine Components\DAL;C:\Program Files (x86)\QuickTime Alternative\QTSystem;C:\Program Files\Java\jdk-11.0.3\bin;C:\Users\Vishal Karthikeyan\AppData\Local\Microsoft\WindowsApps;C:\Users\Vishal Karthikeyan\AppData\Local\Programs\Microsoft VS Code\bin;C:\Users\Vishal Karthikeyan\AppData\Local\Microsoft\WindowsApps;C:\Users\Vishal Karthikeyan\AppData\Roaming\npm;
USERNAME=Vishal Karthikeyan
OS=Windows_NT
PROCESSOR_IDENTIFIER=Intel64 Family 6 Model 142 Stepping 10, GenuineIntel



---------------  S Y S T E M  ---------------

OS: Windows 10.0 , 64 bit Build 19041 (10.0.19041.804)

CPU:total 8 (initial active 8) (4 cores per cpu, 2 threads per core) family 6 model 142 stepping 10, cmov, cx8, fxsr, mmx, sse, sse2, sse3, ssse3, sse4.1, sse4.2, popcnt, avx, avx2, aes, clmul, erms, 3dnowpref, lzcnt, ht, tsc, tscinvbit, bmi1, bmi2, adx

Memory: 4k page, physical 8291556k(402620k free), swap 23757408k(5508k free)

vm_info: OpenJDK 64-Bit Server VM (25.71-b00) for windows-amd64 JRE (1.8.0-adoptopenjdk-_2018_05_19_00_59-b00), built on May 19 2018 01:02:12 by "jenkins" with MS VC++ 10.0 (VS2010)

time: Tue Apr 20 17:14:23 2021
elapsed time: 0 seconds (0d 0h 0m 0s)

